paul@seiche-moore:~$ sudo apt install python3-pip
Reading package lists... Done
Building dependency tree       
Reading state information... Done
The following additional packages will be installed:
  binutils binutils-common binutils-x86-64-linux-gnu dpkg-dev fakeroot
  libalgorithm-diff-perl libalgorithm-diff-xs-perl libalgorithm-merge-perl libbinutils
  libctf-nobfd0 libctf0 libdpkg-perl libfakeroot libfile-fcntllock-perl make
  python-pip-whl python3-distutils python3-lib2to3 python3-setuptools python3-wheel
Suggested packages:
  binutils-doc debian-keyring gcc | c-compiler bzr make-doc python-setuptools-doc
Recommended packages:
  build-essential gcc | c-compiler python3-dev
The following NEW packages will be installed:
  binutils binutils-common binutils-x86-64-linux-gnu dpkg-dev fakeroot
  libalgorithm-diff-perl libalgorithm-diff-xs-perl libalgorithm-merge-perl libbinutils
  libctf-nobfd0 libctf0 libdpkg-perl libfakeroot libfile-fcntllock-perl make
  python-pip-whl python3-distutils python3-lib2to3 python3-pip python3-setuptools
  python3-wheel
0 upgraded, 21 newly installed, 0 to remove and 0 not upgraded.
Need to get 6,251 kB of archives.
After this operation, 25.2 MB of additional disk space will be used.
Do you want to continue? [Y/n] Y
Get:1 http://us.archive.ubuntu.com/ubuntu focal/main amd64 binutils-common amd64 2.34-6ubuntu1 [207 kB]
Get:2 http://us.archive.ubuntu.com/ubuntu focal/main amd64 libbinutils amd64 2.34-6ubuntu1 [474 kB]
Get:3 http://us.archive.ubuntu.com/ubuntu focal/main amd64 libctf-nobfd0 amd64 2.34-6ubuntu1 [47.0 kB]
Get:4 http://us.archive.ubuntu.com/ubuntu focal/main amd64 libctf0 amd64 2.34-6ubuntu1 [46.6 kB]
Get:5 http://us.archive.ubuntu.com/ubuntu focal/main amd64 binutils-x86-64-linux-gnu amd64 2.34-6ubuntu1 [1,614 kB]
Get:6 http://us.archive.ubuntu.com/ubuntu focal/main amd64 binutils amd64 2.34-6ubuntu1 [3,376 B]
Get:7 http://us.archive.ubuntu.com/ubuntu focal/main amd64 libdpkg-perl all 1.19.7ubuntu3 [230 kB]
Get:8 http://us.archive.ubuntu.com/ubuntu focal/main amd64 make amd64 4.2.1-1.2 [162 kB]
Get:9 http://us.archive.ubuntu.com/ubuntu focal/main amd64 dpkg-dev all 1.19.7ubuntu3 [679 kB]
Get:10 http://us.archive.ubuntu.com/ubuntu focal/main amd64 libfakeroot amd64 1.24-1 [25.7 kB]
Get:11 http://us.archive.ubuntu.com/ubuntu focal/main amd64 fakeroot amd64 1.24-1 [62.6 kB]
Get:12 http://us.archive.ubuntu.com/ubuntu focal/main amd64 libalgorithm-diff-perl all 1.19.03-2 [46.6 kB]
Get:13 http://us.archive.ubuntu.com/ubuntu focal/main amd64 libalgorithm-diff-xs-perl amd64 0.04-6 [11.3 kB]
Get:14 http://us.archive.ubuntu.com/ubuntu focal/main amd64 libalgorithm-merge-perl all 0.08-3 [12.0 kB]
Get:15 http://us.archive.ubuntu.com/ubuntu focal/main amd64 libfile-fcntllock-perl amd64 0.22-3build4 [33.1 kB]
Get:16 http://us.archive.ubuntu.com/ubuntu focal/universe amd64 python-pip-whl all 20.0.2-5ubuntu1 [1,799 kB]
Get:17 http://us.archive.ubuntu.com/ubuntu focal/main amd64 python3-lib2to3 all 3.8.2-1ubuntu1 [74.1 kB]
Get:18 http://us.archive.ubuntu.com/ubuntu focal/main amd64 python3-distutils all 3.8.2-1ubuntu1 [140 kB]
Get:19 http://us.archive.ubuntu.com/ubuntu focal/main amd64 python3-setuptools all 45.2.0-1 [330 kB]
Get:20 http://us.archive.ubuntu.com/ubuntu focal/universe amd64 python3-wheel all 0.34.2-1 [23.8 kB]
Get:21 http://us.archive.ubuntu.com/ubuntu focal/universe amd64 python3-pip all 20.0.2-5ubuntu1 [230 kB]
Fetched 6,251 kB in 2s (2,588 kB/s)   
Selecting previously unselected package binutils-common:amd64.
(Reading database ... 221124 files and directories currently installed.)
Preparing to unpack .../00-binutils-common_2.34-6ubuntu1_amd64.deb ...
Unpacking binutils-common:amd64 (2.34-6ubuntu1) ...
Selecting previously unselected package libbinutils:amd64.
Preparing to unpack .../01-libbinutils_2.34-6ubuntu1_amd64.deb ...
Unpacking libbinutils:amd64 (2.34-6ubuntu1) ...
Selecting previously unselected package libctf-nobfd0:amd64.
Preparing to unpack .../02-libctf-nobfd0_2.34-6ubuntu1_amd64.deb ...
Unpacking libctf-nobfd0:amd64 (2.34-6ubuntu1) ...
Selecting previously unselected package libctf0:amd64.
Preparing to unpack .../03-libctf0_2.34-6ubuntu1_amd64.deb ...
Unpacking libctf0:amd64 (2.34-6ubuntu1) ...
Selecting previously unselected package binutils-x86-64-linux-gnu.
Preparing to unpack .../04-binutils-x86-64-linux-gnu_2.34-6ubuntu1_amd64.deb ...
Unpacking binutils-x86-64-linux-gnu (2.34-6ubuntu1) ...
Selecting previously unselected package binutils.
Preparing to unpack .../05-binutils_2.34-6ubuntu1_amd64.deb ...
Unpacking binutils (2.34-6ubuntu1) ...
Selecting previously unselected package libdpkg-perl.
Preparing to unpack .../06-libdpkg-perl_1.19.7ubuntu3_all.deb ...
Unpacking libdpkg-perl (1.19.7ubuntu3) ...
Selecting previously unselected package make.
Preparing to unpack .../07-make_4.2.1-1.2_amd64.deb ...
Unpacking make (4.2.1-1.2) ...
Selecting previously unselected package dpkg-dev.
Preparing to unpack .../08-dpkg-dev_1.19.7ubuntu3_all.deb ...
Unpacking dpkg-dev (1.19.7ubuntu3) ...
Selecting previously unselected package libfakeroot:amd64.
Preparing to unpack .../09-libfakeroot_1.24-1_amd64.deb ...
Unpacking libfakeroot:amd64 (1.24-1) ...
Selecting previously unselected package fakeroot.
Preparing to unpack .../10-fakeroot_1.24-1_amd64.deb ...
Unpacking fakeroot (1.24-1) ...
Selecting previously unselected package libalgorithm-diff-perl.
Preparing to unpack .../11-libalgorithm-diff-perl_1.19.03-2_all.deb ...
Unpacking libalgorithm-diff-perl (1.19.03-2) ...
Selecting previously unselected package libalgorithm-diff-xs-perl.
Preparing to unpack .../12-libalgorithm-diff-xs-perl_0.04-6_amd64.deb ...
Unpacking libalgorithm-diff-xs-perl (0.04-6) ...
Selecting previously unselected package libalgorithm-merge-perl.
Preparing to unpack .../13-libalgorithm-merge-perl_0.08-3_all.deb ...
Unpacking libalgorithm-merge-perl (0.08-3) ...
Selecting previously unselected package libfile-fcntllock-perl.
Preparing to unpack .../14-libfile-fcntllock-perl_0.22-3build4_amd64.deb ...
Unpacking libfile-fcntllock-perl (0.22-3build4) ...
Selecting previously unselected package python-pip-whl.
Preparing to unpack .../15-python-pip-whl_20.0.2-5ubuntu1_all.deb ...
Unpacking python-pip-whl (20.0.2-5ubuntu1) ...
Selecting previously unselected package python3-lib2to3.
Preparing to unpack .../16-python3-lib2to3_3.8.2-1ubuntu1_all.deb ...
Unpacking python3-lib2to3 (3.8.2-1ubuntu1) ...
Selecting previously unselected package python3-distutils.
Preparing to unpack .../17-python3-distutils_3.8.2-1ubuntu1_all.deb ...
Unpacking python3-distutils (3.8.2-1ubuntu1) ...
Selecting previously unselected package python3-setuptools.
Preparing to unpack .../18-python3-setuptools_45.2.0-1_all.deb ...
Unpacking python3-setuptools (45.2.0-1) ...
Selecting previously unselected package python3-wheel.
Preparing to unpack .../19-python3-wheel_0.34.2-1_all.deb ...
Unpacking python3-wheel (0.34.2-1) ...
Selecting previously unselected package python3-pip.
Preparing to unpack .../20-python3-pip_20.0.2-5ubuntu1_all.deb ...
Unpacking python3-pip (20.0.2-5ubuntu1) ...
Setting up libfile-fcntllock-perl (0.22-3build4) ...
Setting up libalgorithm-diff-perl (1.19.03-2) ...
Setting up binutils-common:amd64 (2.34-6ubuntu1) ...
Setting up libctf-nobfd0:amd64 (2.34-6ubuntu1) ...
Setting up python3-wheel (0.34.2-1) ...
Setting up libfakeroot:amd64 (1.24-1) ...
Setting up fakeroot (1.24-1) ...
update-alternatives: using /usr/bin/fakeroot-sysv to provide /usr/bin/fakeroot (fakeroot) in auto mode
Setting up make (4.2.1-1.2) ...
Setting up libdpkg-perl (1.19.7ubuntu3) ...
Setting up python-pip-whl (20.0.2-5ubuntu1) ...
Setting up libbinutils:amd64 (2.34-6ubuntu1) ...
Setting up python3-lib2to3 (3.8.2-1ubuntu1) ...
Setting up libalgorithm-diff-xs-perl (0.04-6) ...
Setting up libalgorithm-merge-perl (0.08-3) ...
Setting up libctf0:amd64 (2.34-6ubuntu1) ...
Setting up python3-distutils (3.8.2-1ubuntu1) ...
Setting up python3-setuptools (45.2.0-1) ...
Setting up python3-pip (20.0.2-5ubuntu1) ...
Setting up binutils-x86-64-linux-gnu (2.34-6ubuntu1) ...
Setting up binutils (2.34-6ubuntu1) ...
Setting up dpkg-dev (1.19.7ubuntu3) ...
Processing triggers for man-db (2.9.1-1) ...
Processing triggers for libc-bin (2.31-0ubuntu9.2) ...
paul@seiche-moore:~$ which pip3
/usr/bin/pip3
paul@seiche-moore:~$ sudo pip3 install esptool
Collecting esptool
  Downloading esptool-3.3.tar.gz (213 kB)
     |████████████████████████████████| 213 kB 2.5 MB/s 
Collecting bitstring>=3.1.6
  Downloading bitstring-3.1.9-py3-none-any.whl (38 kB)
Requirement already satisfied: cryptography>=2.1.4 in /usr/lib/python3/dist-packages (from esptool) (2.8)
Collecting ecdsa>=0.16.0
  Downloading ecdsa-0.17.0-py2.py3-none-any.whl (119 kB)
     |████████████████████████████████| 119 kB 3.4 MB/s 
Collecting pyserial>=3.0
  Downloading pyserial-3.5-py2.py3-none-any.whl (90 kB)
     |████████████████████████████████| 90 kB 3.5 MB/s 
Collecting reedsolo<=1.5.4,>=1.5.3
  Downloading reedsolo-1.5.4.tar.gz (271 kB)
     |████████████████████████████████| 271 kB 4.1 MB/s 
Requirement already satisfied: six>=1.9.0 in /usr/lib/python3/dist-packages (from ecdsa>=0.16.0->esptool) (1.14.0)
Building wheels for collected packages: esptool, reedsolo
  Building wheel for esptool (setup.py) ... done
  Created wheel for esptool: filename=esptool-3.3-py3-none-any.whl size=350602 sha256=921cffdfc2f74024a9cf0e6939dc5ed4939d5f7d1a393c0aa4edabda4f751736
  Stored in directory: /root/.cache/pip/wheels/a3/8f/45/ef4b7861de51f9bd9388eac0dcd255b5fa8021e8c763eb6d70
  Building wheel for reedsolo (setup.py) ... done
  Created wheel for reedsolo: filename=reedsolo-1.5.4-py3-none-any.whl size=28950 sha256=fb4aa97375c3458bfe01ed915c485717dba6080132c9c92b0cb12b139311a3dc
  Stored in directory: /root/.cache/pip/wheels/09/d5/d4/7485a909ef156de1ad5d336eecbd784dd9d54af373850ff4bc
Successfully built esptool reedsolo
Installing collected packages: bitstring, ecdsa, pyserial, reedsolo, esptool
Successfully installed bitstring-3.1.9 ecdsa-0.17.0 esptool-3.3 pyserial-3.5 reedsolo-1.5.4
paul@seiche-moore:~$ which esptool.py
/usr/local/bin/esptool.py
paul@seiche-moore:~$ 
